2015-03-11 10:16:28,208 - DEBUG: {'data': 'Hello World', 'id': 1}
2015-03-11 10:16:31,689 - DEBUG: {'id': 1, 'data': 'Hello World'}
2015-03-11 10:16:32,608 - DEBUG: {'id': 1, 'data': 'Hello World'}
2015-03-11 10:16:34,141 - DEBUG: {'data': 'Hello World', 'id': 1}
2015-03-11 10:17:06,219 - DEBUG: {'data': 'Hello World', 'id': 1} {'data': 'Hello World', 'id': 2}
2015-03-11 10:17:30,156 - DEBUG: {'id': 1, 'data': 'Hello World'} {'id': 2, 'data': 'Hello World'}
2015-03-11 10:17:44,385 - DEBUG: {'data': 'Hello World', 'id': 1} {'data': 'Hello World', 'id': 2}
2015-03-11 10:19:15,674 - DEBUG: {'id': 1, 'data': 'Hello World'} {'id': 1, 'data': 'Hello World'}
2015-03-11 10:23:42,819 - DEBUG: {'id': 1, 'data': 'Hello World'} {'id': 1, 'data': 'Hello World'}
2015-03-11 10:23:44,540 - DEBUG: {'id': 1, 'data': 'Hello World'} {'id': 1, 'data': 'Hello World'}
2015-03-11 10:25:32,450 - DEBUG: Hello World
2015-03-11 11:20:22,132 - DEBUG: Server started on port 2222
2015-03-11 11:21:00,565 - DEBUG: Server started on port 2222
2015-03-11 11:23:09,914 - DEBUG: Server started on port 2222
2015-03-11 11:23:10,409 - DEBUG: Send message:  Hello Server
2015-03-11 11:23:10,909 - DEBUG: Send message:  Hello Server
2015-03-11 11:23:11,409 - DEBUG: Send message:  Hello Server
2015-03-11 11:23:11,909 - DEBUG: Send message:  Hello Server
2015-03-11 11:23:12,409 - DEBUG: Send message:  Hello Server
2015-03-11 11:23:12,909 - DEBUG: Send message:  Hello Server
2015-03-11 11:23:13,409 - DEBUG: Send message:  Hello Server
2015-03-11 11:23:13,909 - DEBUG: Send message:  Hello Server
2015-03-11 11:23:14,409 - DEBUG: Send message:  Hello Server
2015-03-11 11:23:14,909 - DEBUG: Send message:  Hello Server
2015-03-11 11:23:15,409 - DEBUG: Send message:  Hello Server
2015-03-11 11:23:15,909 - DEBUG: Send message:  Hello Server
2015-03-11 11:23:16,410 - DEBUG: Send message:  Hello Server
2015-03-11 11:23:16,910 - DEBUG: Send message:  Hello Server
2015-03-11 11:23:17,410 - DEBUG: Send message:  Hello Server
2015-03-11 11:23:17,910 - DEBUG: Send message:  Hello Server
2015-03-11 11:23:18,410 - DEBUG: Send message:  Hello Server
2015-03-11 11:23:18,910 - DEBUG: Send message:  Hello Server
2015-03-11 11:23:19,410 - DEBUG: Send message:  Hello Server
2015-03-11 11:23:19,910 - DEBUG: Send message:  Hello Server
2015-03-11 11:23:20,410 - DEBUG: Send message:  Hello Server
2015-03-11 11:23:20,910 - DEBUG: Send message:  Hello Server
2015-03-11 11:23:21,410 - DEBUG: Send message:  Hello Server
2015-03-11 11:23:21,910 - DEBUG: Send message:  Hello Server
2015-03-11 11:23:22,410 - DEBUG: Send message:  Hello Server
2015-03-11 11:23:22,910 - DEBUG: Send message:  Hello Server
2015-03-11 11:23:23,410 - DEBUG: Send message:  Hello Server
2015-03-11 11:23:23,910 - DEBUG: Send message:  Hello Server
2015-03-11 11:23:49,155 - DEBUG: Server started on port 2222
2015-03-11 11:27:24,716 - DEBUG: Server started on port 2222
2015-03-11 11:30:10,663 - DEBUG: Server started on port 2222
2015-03-11 11:30:11,660 - DEBUG: Send message:  {'id': 1, 'data': 'Hello World'}
2015-03-11 11:30:42,219 - DEBUG: Server started on port 2222
2015-03-11 11:30:43,214 - DEBUG: Send message:  {'data': 'Hello World', 'id': 1}
2015-03-11 11:31:21,999 - DEBUG: Server started on port 2222
2015-03-11 11:31:22,994 - DEBUG: Send message:  {'data': 'Hello World', 'id': 1}
2015-03-11 11:31:23,994 - DEBUG: Send message:  {'data': 'Hello World', 'id': 1}
2015-03-11 11:31:24,994 - DEBUG: Send message:  {'data': 'Hello World', 'id': 1}
2015-03-11 11:31:25,995 - DEBUG: Send message:  {'data': 'Hello World', 'id': 1}
2015-03-11 11:31:26,995 - DEBUG: Send message:  {'data': 'Hello World', 'id': 1}
2015-03-11 11:31:27,995 - DEBUG: Send message:  {'data': 'Hello World', 'id': 1}
2015-03-11 11:31:28,995 - DEBUG: Send message:  {'data': 'Hello World', 'id': 1}
2015-03-11 11:31:29,995 - DEBUG: Send message:  {'data': 'Hello World', 'id': 1}
2015-03-11 11:31:30,995 - DEBUG: Send message:  {'data': 'Hello World', 'id': 1}
2015-03-11 11:31:31,995 - DEBUG: Send message:  {'data': 'Hello World', 'id': 1}
2015-03-11 11:31:32,995 - DEBUG: Send message:  {'data': 'Hello World', 'id': 1}
2015-03-11 11:31:33,995 - DEBUG: Send message:  {'data': 'Hello World', 'id': 1}
2015-03-11 11:42:04,735 - DEBUG: Server started on port 2222
2015-03-11 11:42:05,730 - DEBUG: Send message:  {'id': 1, 'data': 'Hello World'}
2015-03-11 11:42:06,730 - DEBUG: Send message:  {'id': 1, 'data': 'Hello World'}
2015-03-11 11:42:07,731 - DEBUG: Send message:  {'id': 1, 'data': 'Hello World'}
2015-03-11 11:42:08,731 - DEBUG: Send message:  {'id': 1, 'data': 'Hello World'}
2015-03-11 11:42:09,731 - DEBUG: Send message:  {'id': 1, 'data': 'Hello World'}
2015-03-11 11:42:10,731 - DEBUG: Send message:  {'id': 1, 'data': 'Hello World'}
2015-03-11 11:42:11,731 - DEBUG: Send message:  {'id': 1, 'data': 'Hello World'}
2015-03-11 11:42:12,732 - DEBUG: Send message:  {'id': 1, 'data': 'Hello World'}
2015-03-11 11:42:13,732 - DEBUG: Send message:  {'id': 1, 'data': 'Hello World'}
2015-03-11 11:42:14,732 - DEBUG: Send message:  {'id': 1, 'data': 'Hello World'}
2015-03-11 11:42:15,732 - DEBUG: Send message:  {'id': 1, 'data': 'Hello World'}
2015-03-11 11:42:16,732 - DEBUG: Send message:  {'id': 1, 'data': 'Hello World'}
2015-03-11 11:42:17,732 - DEBUG: Send message:  {'id': 1, 'data': 'Hello World'}
2015-03-11 11:44:33,599 - DEBUG: Server started on port 2222
2015-03-11 11:44:34,045 - DEBUG: Client (127.0.0.1, 5278) connected
2015-03-11 11:44:34,600 - DEBUG: Send message:  {'id': 1, 'data': 'Hello World'}
2015-03-11 11:44:34,600 - DEBUG: Client (127.0.0.1, 5278) is offline
2015-03-11 11:44:35,600 - DEBUG: Send message:  {'id': 1, 'data': 'Hello World'}
2015-03-11 11:44:36,600 - DEBUG: Send message:  {'id': 1, 'data': 'Hello World'}
2015-03-11 11:44:37,600 - DEBUG: Send message:  {'id': 1, 'data': 'Hello World'}
2015-03-11 11:44:38,600 - DEBUG: Send message:  {'id': 1, 'data': 'Hello World'}
2015-03-11 11:45:02,868 - DEBUG: Server started on port 2222
2015-03-11 11:45:03,863 - DEBUG: Send message:  {'id': 1, 'data': 'Hello World'}
2015-03-11 11:45:04,472 - DEBUG: Client (127.0.0.1, 5279) connected
2015-03-11 11:45:04,864 - DEBUG: Send message:  {'id': 1, 'data': 'Hello World'}
2015-03-11 11:45:04,864 - DEBUG: Client (127.0.0.1, 5279) is offline
2015-03-11 11:45:05,864 - DEBUG: Send message:  {'id': 1, 'data': 'Hello World'}
2015-03-11 11:45:06,864 - DEBUG: Send message:  {'id': 1, 'data': 'Hello World'}
2015-03-11 11:45:07,865 - DEBUG: Send message:  {'id': 1, 'data': 'Hello World'}
2015-03-11 11:45:08,866 - DEBUG: Send message:  {'id': 1, 'data': 'Hello World'}
2015-03-11 11:45:09,866 - DEBUG: Send message:  {'id': 1, 'data': 'Hello World'}
2015-03-11 11:45:10,866 - DEBUG: Send message:  {'id': 1, 'data': 'Hello World'}
2015-03-11 11:45:11,866 - DEBUG: Send message:  {'id': 1, 'data': 'Hello World'}
2015-03-11 11:45:12,866 - DEBUG: Send message:  {'id': 1, 'data': 'Hello World'}
2015-03-11 11:45:13,866 - DEBUG: Send message:  {'id': 1, 'data': 'Hello World'}
2015-03-11 11:45:14,866 - DEBUG: Send message:  {'id': 1, 'data': 'Hello World'}
2015-03-11 11:45:15,866 - DEBUG: Send message:  {'id': 1, 'data': 'Hello World'}
2015-03-11 11:45:16,866 - DEBUG: Send message:  {'id': 1, 'data': 'Hello World'}
2015-03-11 11:45:17,866 - DEBUG: Send message:  {'id': 1, 'data': 'Hello World'}
2015-03-11 11:45:18,866 - DEBUG: Send message:  {'id': 1, 'data': 'Hello World'}
2015-03-11 11:45:19,866 - DEBUG: Send message:  {'id': 1, 'data': 'Hello World'}
2015-03-11 11:45:20,866 - DEBUG: Send message:  {'id': 1, 'data': 'Hello World'}
2015-03-11 11:45:21,866 - DEBUG: Send message:  {'id': 1, 'data': 'Hello World'}
2015-03-11 11:45:22,866 - DEBUG: Send message:  {'id': 1, 'data': 'Hello World'}
2015-03-11 11:45:23,866 - DEBUG: Send message:  {'id': 1, 'data': 'Hello World'}
2015-03-11 11:45:24,867 - DEBUG: Send message:  {'id': 1, 'data': 'Hello World'}
2015-03-11 11:45:25,868 - DEBUG: Send message:  {'id': 1, 'data': 'Hello World'}
2015-03-11 11:45:26,868 - DEBUG: Send message:  {'id': 1, 'data': 'Hello World'}
2015-03-11 11:45:27,868 - DEBUG: Send message:  {'id': 1, 'data': 'Hello World'}
2015-03-11 11:45:28,868 - DEBUG: Send message:  {'id': 1, 'data': 'Hello World'}
2015-03-11 11:45:29,868 - DEBUG: Send message:  {'id': 1, 'data': 'Hello World'}
2015-03-11 11:45:30,868 - DEBUG: Send message:  {'id': 1, 'data': 'Hello World'}
2015-03-11 11:45:31,868 - DEBUG: Send message:  {'id': 1, 'data': 'Hello World'}
2015-03-11 11:45:32,868 - DEBUG: Send message:  {'id': 1, 'data': 'Hello World'}
2015-03-11 11:45:33,868 - DEBUG: Send message:  {'id': 1, 'data': 'Hello World'}
2015-03-11 11:45:34,868 - DEBUG: Send message:  {'id': 1, 'data': 'Hello World'}
2015-03-11 11:45:35,868 - DEBUG: Send message:  {'id': 1, 'data': 'Hello World'}
2015-03-11 11:45:36,868 - DEBUG: Send message:  {'id': 1, 'data': 'Hello World'}
2015-03-11 11:45:37,868 - DEBUG: Send message:  {'id': 1, 'data': 'Hello World'}
2015-03-11 11:45:38,868 - DEBUG: Send message:  {'id': 1, 'data': 'Hello World'}
2015-03-11 11:45:39,868 - DEBUG: Send message:  {'id': 1, 'data': 'Hello World'}
2015-03-11 11:45:40,868 - DEBUG: Send message:  {'id': 1, 'data': 'Hello World'}
2015-03-11 11:45:41,868 - DEBUG: Send message:  {'id': 1, 'data': 'Hello World'}
2015-03-11 11:45:42,869 - DEBUG: Send message:  {'id': 1, 'data': 'Hello World'}
2015-03-11 11:45:43,869 - DEBUG: Send message:  {'id': 1, 'data': 'Hello World'}
2015-03-11 11:45:44,870 - DEBUG: Send message:  {'id': 1, 'data': 'Hello World'}
2015-03-11 11:45:45,870 - DEBUG: Send message:  {'id': 1, 'data': 'Hello World'}
2015-03-11 11:45:46,870 - DEBUG: Send message:  {'id': 1, 'data': 'Hello World'}
2015-03-11 11:45:47,870 - DEBUG: Send message:  {'id': 1, 'data': 'Hello World'}
2015-03-11 11:45:48,870 - DEBUG: Send message:  {'id': 1, 'data': 'Hello World'}
2015-03-11 11:45:49,870 - DEBUG: Send message:  {'id': 1, 'data': 'Hello World'}
2015-03-11 11:45:50,870 - DEBUG: Send message:  {'id': 1, 'data': 'Hello World'}
2015-03-11 11:45:51,870 - DEBUG: Send message:  {'id': 1, 'data': 'Hello World'}
2015-03-11 11:45:52,871 - DEBUG: Send message:  {'id': 1, 'data': 'Hello World'}
2015-03-11 11:45:53,871 - DEBUG: Send message:  {'id': 1, 'data': 'Hello World'}
2015-03-11 11:45:54,872 - DEBUG: Send message:  {'id': 1, 'data': 'Hello World'}
2015-03-11 11:45:55,872 - DEBUG: Send message:  {'id': 1, 'data': 'Hello World'}
2015-03-11 11:45:56,872 - DEBUG: Send message:  {'id': 1, 'data': 'Hello World'}
2015-03-11 11:45:57,872 - DEBUG: Send message:  {'id': 1, 'data': 'Hello World'}
2015-03-11 11:45:58,872 - DEBUG: Send message:  {'id': 1, 'data': 'Hello World'}
2015-03-11 11:45:59,873 - DEBUG: Send message:  {'id': 1, 'data': 'Hello World'}
2015-03-11 11:46:00,873 - DEBUG: Send message:  {'id': 1, 'data': 'Hello World'}
2015-03-11 11:46:01,873 - DEBUG: Send message:  {'id': 1, 'data': 'Hello World'}
2015-03-11 11:46:02,873 - DEBUG: Send message:  {'id': 1, 'data': 'Hello World'}
2015-03-11 11:46:03,873 - DEBUG: Send message:  {'id': 1, 'data': 'Hello World'}
2015-03-11 11:46:04,873 - DEBUG: Send message:  {'id': 1, 'data': 'Hello World'}
2015-03-11 11:46:05,873 - DEBUG: Send message:  {'id': 1, 'data': 'Hello World'}
2015-03-11 11:46:06,873 - DEBUG: Send message:  {'id': 1, 'data': 'Hello World'}
2015-03-11 11:46:07,873 - DEBUG: Send message:  {'id': 1, 'data': 'Hello World'}
2015-03-11 11:46:08,873 - DEBUG: Send message:  {'id': 1, 'data': 'Hello World'}
2015-03-11 11:46:09,873 - DEBUG: Send message:  {'id': 1, 'data': 'Hello World'}
2015-03-11 11:46:10,873 - DEBUG: Send message:  {'id': 1, 'data': 'Hello World'}
2015-03-11 11:46:11,873 - DEBUG: Send message:  {'id': 1, 'data': 'Hello World'}
2015-03-11 11:46:12,873 - DEBUG: Send message:  {'id': 1, 'data': 'Hello World'}
2015-03-11 11:46:13,874 - DEBUG: Send message:  {'id': 1, 'data': 'Hello World'}
2015-03-11 11:46:14,875 - DEBUG: Send message:  {'id': 1, 'data': 'Hello World'}
2015-03-11 11:46:15,875 - DEBUG: Send message:  {'id': 1, 'data': 'Hello World'}
2015-03-11 11:46:16,875 - DEBUG: Send message:  {'id': 1, 'data': 'Hello World'}
2015-03-11 11:46:17,892 - DEBUG: Send message:  {'id': 1, 'data': 'Hello World'}
2015-03-11 11:46:18,892 - DEBUG: Send message:  {'id': 1, 'data': 'Hello World'}
2015-03-11 11:46:19,892 - DEBUG: Send message:  {'id': 1, 'data': 'Hello World'}
2015-03-11 11:46:20,892 - DEBUG: Send message:  {'id': 1, 'data': 'Hello World'}
2015-03-11 11:46:21,892 - DEBUG: Send message:  {'id': 1, 'data': 'Hello World'}
2015-03-11 11:46:22,892 - DEBUG: Send message:  {'id': 1, 'data': 'Hello World'}
2015-03-11 11:46:23,892 - DEBUG: Send message:  {'id': 1, 'data': 'Hello World'}
2015-03-11 11:46:24,892 - DEBUG: Send message:  {'id': 1, 'data': 'Hello World'}
2015-03-11 11:46:25,892 - DEBUG: Send message:  {'id': 1, 'data': 'Hello World'}
2015-03-11 11:46:26,892 - DEBUG: Send message:  {'id': 1, 'data': 'Hello World'}
2015-03-11 11:46:27,893 - DEBUG: Send message:  {'id': 1, 'data': 'Hello World'}
2015-03-11 11:46:28,894 - DEBUG: Send message:  {'id': 1, 'data': 'Hello World'}
2015-03-11 11:46:29,894 - DEBUG: Send message:  {'id': 1, 'data': 'Hello World'}
2015-03-11 11:46:30,897 - DEBUG: Send message:  {'id': 1, 'data': 'Hello World'}
2015-03-11 11:46:31,897 - DEBUG: Send message:  {'id': 1, 'data': 'Hello World'}
2015-03-11 11:46:32,897 - DEBUG: Send message:  {'id': 1, 'data': 'Hello World'}
2015-03-11 11:46:33,897 - DEBUG: Send message:  {'id': 1, 'data': 'Hello World'}
2015-03-11 11:46:34,898 - DEBUG: Send message:  {'id': 1, 'data': 'Hello World'}
2015-03-11 11:46:35,898 - DEBUG: Send message:  {'id': 1, 'data': 'Hello World'}
2015-03-11 11:46:36,898 - DEBUG: Send message:  {'id': 1, 'data': 'Hello World'}
2015-03-11 11:46:37,899 - DEBUG: Send message:  {'id': 1, 'data': 'Hello World'}
2015-03-11 11:46:38,899 - DEBUG: Send message:  {'id': 1, 'data': 'Hello World'}
2015-03-11 11:46:39,899 - DEBUG: Send message:  {'id': 1, 'data': 'Hello World'}
2015-03-11 11:46:40,899 - DEBUG: Send message:  {'id': 1, 'data': 'Hello World'}
2015-03-11 11:46:41,899 - DEBUG: Send message:  {'id': 1, 'data': 'Hello World'}
2015-03-11 11:46:42,899 - DEBUG: Send message:  {'id': 1, 'data': 'Hello World'}
2015-03-11 11:46:43,899 - DEBUG: Send message:  {'id': 1, 'data': 'Hello World'}
2015-03-11 11:46:44,899 - DEBUG: Send message:  {'id': 1, 'data': 'Hello World'}
2015-03-11 11:46:45,899 - DEBUG: Send message:  {'id': 1, 'data': 'Hello World'}
2015-03-11 11:46:46,899 - DEBUG: Send message:  {'id': 1, 'data': 'Hello World'}
2015-03-11 11:46:47,899 - DEBUG: Send message:  {'id': 1, 'data': 'Hello World'}
2015-03-11 11:46:48,900 - DEBUG: Send message:  {'id': 1, 'data': 'Hello World'}
2015-03-11 11:46:49,900 - DEBUG: Send message:  {'id': 1, 'data': 'Hello World'}
2015-03-11 11:46:50,900 - DEBUG: Send message:  {'id': 1, 'data': 'Hello World'}
2015-03-11 11:46:51,900 - DEBUG: Send message:  {'id': 1, 'data': 'Hello World'}
2015-03-11 11:46:52,902 - DEBUG: Send message:  {'id': 1, 'data': 'Hello World'}
2015-03-11 11:46:53,902 - DEBUG: Send message:  {'id': 1, 'data': 'Hello World'}
2015-03-11 11:46:54,902 - DEBUG: Send message:  {'id': 1, 'data': 'Hello World'}
2015-03-11 11:46:55,902 - DEBUG: Send message:  {'id': 1, 'data': 'Hello World'}
2015-03-11 11:46:56,079 - DEBUG: Connected to server - Host: localhostPort: 2222
2015-03-11 11:46:56,079 - DEBUG: Client (127.0.0.1, 5280) connected
2015-03-11 11:46:56,902 - DEBUG: Send message:  {'id': 1, 'data': 'Hello World'}
2015-03-11 11:46:56,903 - DEBUG: Received data:  {'id': 1, 'data': 'Hello World'}
2015-03-11 11:46:57,902 - DEBUG: Send message:  {'id': 1, 'data': 'Hello World'}
2015-03-11 11:46:57,903 - DEBUG: Received data:  {'id': 1, 'data': 'Hello World'}
2015-03-11 11:46:58,902 - DEBUG: Send message:  {'id': 1, 'data': 'Hello World'}
2015-03-11 11:46:58,903 - DEBUG: Received data:  {'id': 1, 'data': 'Hello World'}
2015-03-11 11:46:59,902 - DEBUG: Send message:  {'id': 1, 'data': 'Hello World'}
2015-03-11 11:46:59,903 - DEBUG: Received data:  {'id': 1, 'data': 'Hello World'}
2015-03-11 11:47:00,903 - DEBUG: Send message:  {'id': 1, 'data': 'Hello World'}
2015-03-11 11:47:00,904 - DEBUG: Received data:  {'id': 1, 'data': 'Hello World'}
2015-03-11 11:47:01,904 - DEBUG: Send message:  {'id': 1, 'data': 'Hello World'}
2015-03-11 11:47:01,905 - DEBUG: Received data:  {'id': 1, 'data': 'Hello World'}
2015-03-11 11:47:02,904 - DEBUG: Send message:  {'id': 1, 'data': 'Hello World'}
2015-03-11 11:47:02,905 - DEBUG: Received data:  {'id': 1, 'data': 'Hello World'}
2015-03-11 11:47:03,904 - DEBUG: Send message:  {'id': 1, 'data': 'Hello World'}
2015-03-11 11:47:03,905 - DEBUG: Received data:  {'id': 1, 'data': 'Hello World'}
2015-03-11 11:47:04,904 - DEBUG: Send message:  {'id': 1, 'data': 'Hello World'}
2015-03-11 11:47:04,905 - DEBUG: Received data:  {'id': 1, 'data': 'Hello World'}
2015-03-11 11:47:05,284 - DEBUG: Client (127.0.0.1, 5280) is offline
2015-03-11 11:47:05,905 - DEBUG: Send message:  {'id': 1, 'data': 'Hello World'}
2015-03-11 11:47:06,905 - DEBUG: Send message:  {'id': 1, 'data': 'Hello World'}
2015-03-11 11:47:07,906 - DEBUG: Send message:  {'id': 1, 'data': 'Hello World'}
2015-03-11 11:47:08,907 - DEBUG: Send message:  {'id': 1, 'data': 'Hello World'}
2015-03-11 11:47:09,909 - DEBUG: Send message:  {'id': 1, 'data': 'Hello World'}
2015-03-11 11:47:10,909 - DEBUG: Send message:  {'id': 1, 'data': 'Hello World'}
2015-03-11 11:47:11,909 - DEBUG: Send message:  {'id': 1, 'data': 'Hello World'}
2015-03-11 11:47:12,909 - DEBUG: Send message:  {'id': 1, 'data': 'Hello World'}
2015-03-11 11:47:13,909 - DEBUG: Send message:  {'id': 1, 'data': 'Hello World'}
2015-03-11 11:47:14,909 - DEBUG: Send message:  {'id': 1, 'data': 'Hello World'}
2015-03-11 11:47:15,909 - DEBUG: Send message:  {'id': 1, 'data': 'Hello World'}
2015-03-11 11:47:16,909 - DEBUG: Send message:  {'id': 1, 'data': 'Hello World'}
2015-03-11 11:47:17,909 - DEBUG: Send message:  {'id': 1, 'data': 'Hello World'}
2015-03-11 11:47:18,909 - DEBUG: Send message:  {'id': 1, 'data': 'Hello World'}
2015-03-11 11:47:19,909 - DEBUG: Send message:  {'id': 1, 'data': 'Hello World'}
2015-03-11 11:47:20,909 - DEBUG: Send message:  {'id': 1, 'data': 'Hello World'}
2015-03-11 11:47:21,909 - DEBUG: Send message:  {'id': 1, 'data': 'Hello World'}
2015-03-11 11:47:22,909 - DEBUG: Send message:  {'id': 1, 'data': 'Hello World'}
2015-03-11 11:47:23,909 - DEBUG: Send message:  {'id': 1, 'data': 'Hello World'}
2015-03-11 11:47:24,909 - DEBUG: Send message:  {'id': 1, 'data': 'Hello World'}
2015-03-11 11:47:26,584 - DEBUG: Server started on port 2222
2015-03-11 11:47:29,212 - DEBUG: Connected to server - Host: localhostPort: 2222
2015-03-11 11:47:29,212 - DEBUG: Client (127.0.0.1, 5281) connected
2015-03-11 11:47:29,579 - DEBUG: Received data:  {'data': 'Hello World', 'id': 1}
2015-03-11 11:47:30,579 - DEBUG: Received data:  {'data': 'Hello World', 'id': 1}
2015-03-11 11:47:31,579 - DEBUG: Received data:  {'data': 'Hello World', 'id': 1}
2015-03-11 11:47:32,579 - DEBUG: Received data:  {'data': 'Hello World', 'id': 1}
2015-03-11 11:47:32,996 - DEBUG: Client (127.0.0.1, 5281) is offline
2015-03-11 11:47:36,688 - DEBUG: Connected to server - Host: localhostPort: 2222
2015-03-11 11:47:36,688 - DEBUG: Client (127.0.0.1, 5282) connected
2015-03-11 11:47:37,593 - DEBUG: Received data:  {'data': 'Hello World', 'id': 1}
2015-03-11 11:47:38,593 - DEBUG: Received data:  {'data': 'Hello World', 'id': 1}
2015-03-11 11:47:39,593 - DEBUG: Received data:  {'data': 'Hello World', 'id': 1}
2015-03-11 11:47:40,593 - DEBUG: Received data:  {'data': 'Hello World', 'id': 1}
2015-03-11 11:47:41,593 - DEBUG: Received data:  {'data': 'Hello World', 'id': 1}
2015-03-11 11:47:42,593 - DEBUG: Received data:  {'data': 'Hello World', 'id': 1}
2015-03-11 11:47:43,593 - DEBUG: Received data:  {'data': 'Hello World', 'id': 1}
2015-03-11 11:47:44,594 - DEBUG: Received data:  {'data': 'Hello World', 'id': 1}
2015-03-11 11:47:45,594 - DEBUG: Received data:  {'data': 'Hello World', 'id': 1}
2015-03-11 11:47:46,594 - DEBUG: Received data:  {'data': 'Hello World', 'id': 1}
2015-03-11 11:47:47,594 - DEBUG: Received data:  {'data': 'Hello World', 'id': 1}
2015-03-11 11:47:48,594 - DEBUG: Received data:  {'data': 'Hello World', 'id': 1}
2015-03-11 11:47:49,594 - DEBUG: Received data:  {'data': 'Hello World', 'id': 1}
2015-03-11 11:47:50,101 - DEBUG: Client (127.0.0.1, 5282) is offline
2015-03-11 11:56:31,737 - DEBUG: Server started on port 2222
2015-03-11 11:56:43,021 - DEBUG: Connected to server - Host: localhostPort: 2222
2015-03-11 11:56:43,021 - DEBUG: Client (127.0.0.1, 5335) connected
2015-03-11 11:56:43,646 - DEBUG: Received data:  {'data': 'Hello World', 'id': 1}
2015-03-11 11:56:44,646 - DEBUG: Received data:  {'data': 'Hello World', 'id': 1}
2015-03-11 11:56:45,646 - DEBUG: Received data:  {'data': 'Hello World', 'id': 1}
2015-03-11 11:56:46,647 - DEBUG: Received data:  {'data': 'Hello World', 'id': 1}
2015-03-11 11:56:47,647 - DEBUG: Received data:  {'data': 'Hello World', 'id': 1}
2015-03-11 11:56:48,648 - DEBUG: Received data:  {'data': 'Hello World', 'id': 1}
2015-03-11 11:56:49,149 - DEBUG: Client (127.0.0.1, 5335) is offline
2015-03-11 11:57:07,158 - DEBUG: Server started on port 2222
2015-03-11 11:57:10,415 - DEBUG: Client (127.0.0.1, 5336) connected
2015-03-11 11:57:10,415 - DEBUG: Connected to server - Host: localhostPort: 2222
2015-03-11 11:57:11,153 - DEBUG: Received data:  {'data': 'Hello World', 'id': 1}
2015-03-11 11:57:12,153 - DEBUG: Received data:  {'data': 'Hello World', 'id': 1}
2015-03-11 11:57:13,153 - DEBUG: Received data:  {'data': 'Hello World', 'id': 1}
2015-03-11 11:57:14,153 - DEBUG: Received data:  {'data': 'Hello World', 'id': 1}
2015-03-11 11:57:15,153 - DEBUG: Received data:  {'data': 'Hello World', 'id': 1}
2015-03-11 11:57:16,153 - DEBUG: Received data:  {'data': 'Hello World', 'id': 1}
2015-03-11 11:57:23,845 - DEBUG: Server started on port 2222
2015-03-11 11:57:23,855 - DEBUG: Connected to server - Host: localhostPort: 2222
2015-03-11 11:57:23,855 - DEBUG: Client (127.0.0.1, 5343) connected
2015-03-11 11:57:24,838 - DEBUG: Received data:  {'data': 'Hello World', 'id': 1}
2015-03-11 11:57:25,838 - DEBUG: Received data:  {'data': 'Hello World', 'id': 1}
2015-03-11 11:57:26,838 - DEBUG: Received data:  {'data': 'Hello World', 'id': 1}
2015-03-11 11:57:27,838 - DEBUG: Received data:  {'data': 'Hello World', 'id': 1}
2015-03-11 11:57:28,838 - DEBUG: Received data:  {'data': 'Hello World', 'id': 1}
2015-03-11 11:57:29,838 - DEBUG: Received data:  {'data': 'Hello World', 'id': 1}
